2021-10-05 18:16:53,720 - r0_fire1_comm1_vphh2_vistor300_contra0_close0mflame_shelter0
2021-10-05 18:16:54,279 - total numbers of agents taken 1490
2021-10-05 18:18:18,169 - get direction: 
2021-10-05 18:18:18,173 - start calculating positions...unity_time:0, calculating_time:0
2021-10-05 18:18:18,244 - send veh info: id -2,x -2, y -2, calculate_time 0
2021-10-05 18:18:18,298 - send veh info: id -2,x -1, y -1, calculate_time 0
2021-10-05 18:18:18,299 - get direction: 
2021-10-05 18:18:18,299 - start calculating positions...unity_time:0, calculating_time:0
2021-10-05 18:18:18,319 - send veh info: id -2,x -2, y -2, calculate_time 0
2021-10-05 18:18:18,387 - send veh info: id -2,x -2, y -2, calculate_time 0
2021-10-05 18:18:18,404 - send veh info: id -2,x -1, y -1, calculate_time 0
2021-10-05 18:18:18,420 - get direction: 
2021-10-05 18:18:18,421 - start calculating positions...unity_time:0, calculating_time:0
2021-10-05 18:18:18,482 - send veh info: id -2,x -2, y -2, calculate_time 0
2021-10-05 18:18:18,505 - send veh info: id -2,x -2, y -2, calculate_time 0
2021-10-05 18:18:18,519 - send veh info: id -2,x -1, y -1, calculate_time 0
2021-10-05 18:18:18,522 - get direction: 
2021-10-05 18:18:18,522 - start calculating positions...unity_time:0, calculating_time:0
2021-10-05 18:18:18,554 - send veh info: id -2,x -2, y -2, calculate_time 0
2021-10-05 18:18:18,583 - send veh info: id -2,x -2, y -2, calculate_time 0
2021-10-05 18:18:18,603 - send veh info: id -2,x -2, y -2, calculate_time 0
2021-10-05 18:18:18,622 - send veh info: id -2,x -2, y -2, calculate_time 0
2021-10-05 18:18:18,639 - send veh info: id -2,x -2, y -2, calculate_time 0
2021-10-05 18:18:18,664 - send veh info: id -2,x -2, y -2, calculate_time 0
2021-10-05 18:18:18,685 - send veh info: id -2,x -2, y -2, calculate_time 0
2021-10-05 18:18:18,707 - send veh info: id -2,x -2, y -2, calculate_time 0
2021-10-05 18:18:18,736 - send veh info: id -2,x -1, y -1, calculate_time 0
2021-10-05 18:18:18,755 - get direction: 
2021-10-05 18:18:18,755 - start calculating positions...unity_time:0, calculating_time:0
2021-10-05 18:18:18,797 - send veh info: id -2,x -2, y -2, calculate_time 0
2021-10-05 18:18:18,820 - send veh info: id -2,x -2, y -2, calculate_time 0
2021-10-05 18:18:18,836 - send veh info: id -2,x -2, y -2, calculate_time 0
2021-10-05 18:18:18,855 - send veh info: id -2,x -2, y -2, calculate_time 0
2021-10-05 18:18:18,882 - send veh info: id -2,x -2, y -2, calculate_time 0
2021-10-05 18:18:18,906 - send veh info: id -2,x -1, y -1, calculate_time 0
2021-10-05 18:18:18,915 - get direction: 
2021-10-05 18:18:18,915 - start calculating positions...unity_time:0, calculating_time:0
2021-10-05 18:18:18,948 - send veh info: id -2,x -2, y -2, calculate_time 0
2021-10-05 18:18:18,967 - send veh info: id -2,x -2, y -2, calculate_time 0
2021-10-05 18:18:18,978 - send veh info: id -2,x -2, y -2, calculate_time 0
2021-10-05 18:18:18,994 - send veh info: id -2,x -2, y -2, calculate_time 0
2021-10-05 18:18:19,033 - send veh info: id -2,x -2, y -2, calculate_time 0
2021-10-05 18:18:19,071 - send veh info: id -2,x -1, y -1, calculate_time 0
2021-10-05 18:18:19,075 - get direction: 
2021-10-05 18:18:19,075 - start calculating positions...unity_time:0, calculating_time:0
2021-10-05 18:18:19,103 - send veh info: id -2,x -2, y -2, calculate_time 0
2021-10-05 18:18:19,137 - send veh info: id -2,x -2, y -2, calculate_time 0
2021-10-05 18:18:19,164 - send veh info: id -2,x -2, y -2, calculate_time 0
2021-10-05 18:18:19,186 - send veh info: id -2,x -2, y -2, calculate_time 0
2021-10-05 18:18:19,207 - send veh info: id -2,x -2, y -2, calculate_time 0
2021-10-05 18:18:19,228 - send veh info: id -2,x -2, y -2, calculate_time 0
2021-10-05 18:18:19,252 - send veh info: id -2,x -2, y -2, calculate_time 0
2021-10-05 18:18:19,260 - send veh info: id -2,x -1, y -1, calculate_time 0
2021-10-05 18:18:19,271 - get direction: 
2021-10-05 18:18:19,271 - start calculating positions...unity_time:0, calculating_time:0
2021-10-05 18:18:19,296 - send veh info: id -2,x -2, y -2, calculate_time 0
2021-10-05 18:18:19,322 - send veh info: id -2,x -2, y -2, calculate_time 0
2021-10-05 18:18:19,341 - send veh info: id -2,x -2, y -2, calculate_time 0
2021-10-05 18:18:19,363 - send veh info: id -2,x -2, y -2, calculate_time 0
2021-10-05 18:18:19,392 - send veh info: id -2,x -2, y -2, calculate_time 0
2021-10-05 18:18:19,416 - send veh info: id -2,x -2, y -2, calculate_time 0
2021-10-05 18:18:19,435 - send veh info: id -2,x -2, y -2, calculate_time 0
2021-10-05 18:18:19,451 - send veh info: id -2,x -2, y -2, calculate_time 0
2021-10-05 18:18:19,454 - send veh info: id -2,x -1, y -1, calculate_time 0
2021-10-05 18:18:19,466 - get direction: 
2021-10-05 18:18:19,467 - start calculating positions...unity_time:0, calculating_time:0
2021-10-05 18:18:19,484 - send veh info: id -2,x -2, y -2, calculate_time 0
2021-10-05 18:18:19,915 - t: 1, start node id: 1
2021-10-05 18:18:19,916 - t: 1, end node id: 130
2021-10-05 18:18:19,916 - agent' s departure time: 1
2021-10-05 18:18:19,922 - get direction: 
2021-10-05 18:18:19,922 - start calculating positions...unity_time:1, calculating_time:1
2021-10-05 18:18:19,925 - {'forward': (105, 9.242376782605044), 'left': (89, -85.34199766871612), 'right': None, 'back': (106, -170.9838669740351)}
2021-10-05 18:18:19,925 - driver's system decision: 106
2021-10-05 18:18:19,925 - time: 1, current link is n1_vl, next link is 106
2021-10-05 18:18:19,927 - t:1, current link n1_vl' s queue_vehicles: [], next link 106' s queue_vehicles: []
2021-10-05 18:18:19,927 - t:1, current link n1_vl' s run_vehicles: [447], next link 106' s run_vehicles: []
2021-10-05 18:18:19,945 - send veh info: id -2,x -2, y -2, calculate_time 1
2021-10-05 18:18:20,052 - end calculating positions, whole_vehs at calculating time: 1, num_vehs: 0
2021-10-05 18:18:20,053 - send veh info: id -1,x -1, y -1, calculate_time 1
2021-10-05 18:18:20,053 - request_time: 1, calculated_time 1, calculate_time 2, vehicle needs stop? False
2021-10-05 18:18:20,054 - request_time: 1, calculated_time 1, calculate_time 2, send driver image: 
2021-10-05 18:18:20,067 - send veh info: id -2,x -2, y -2, calculate_time 1
2021-10-05 18:18:20,081 - send veh info: id -2,x -2, y -2, calculate_time 1
2021-10-05 18:18:20,084 - request_time: 1, calculated_time 1, calculate_time 2, vehicle needs stop? False
2021-10-05 18:18:20,085 - request_time: 1, calculated_time 1, calculate_time 2, send driver image: 
2021-10-05 18:18:20,086 - request_time: 2, calculated_time 1, calculate_time 2, vehicle needs stop? False
2021-10-05 18:18:20,088 - request_time: 2, calculated_time 1, calculate_time 2, send driver image: 
2021-10-05 18:18:20,094 - {'forward': (105, 9.242376782605044), 'left': (89, -85.34199766871612), 'right': None, 'back': (106, -170.9838669740351)}
2021-10-05 18:18:20,094 - driver's system decision: 106
2021-10-05 18:18:20,094 - time: 0, current link is n1_vl, next link is 106
2021-10-05 18:18:20,096 - t:0, current link n1_vl' s queue_vehicles: [], next link 106' s queue_vehicles: []
2021-10-05 18:18:20,096 - t:0, current link n1_vl' s run_vehicles: [447], next link 106' s run_vehicles: []
2021-10-05 18:18:20,130 - get direction: 
2021-10-05 18:18:20,130 - start calculating positions...unity_time:2, calculating_time:2
2021-10-05 18:18:20,216 - {'forward': (105, 9.242376782605044), 'left': (89, -85.34199766871612), 'right': None, 'back': (106, -170.9838669740351)}
2021-10-05 18:18:20,216 - driver's system decision: 106
2021-10-05 18:18:20,216 - time: 2, current link is n1_vl, next link is 106
2021-10-05 18:18:20,221 - end calculating positions, whole_vehs at calculating time: 2, num_vehs: 0
2021-10-05 18:18:20,223 - t:2, current link n1_vl' s queue_vehicles: [], next link 106' s queue_vehicles: []
2021-10-05 18:18:20,224 - send veh info: id -1,x -1, y -1, calculate_time 2
2021-10-05 18:18:20,224 - t:2, current link n1_vl' s run_vehicles: [], next link 106' s run_vehicles: [447]
2021-10-05 18:18:20,334 - send veh info: id -2,x -2, y -2, calculate_time 2
2021-10-05 18:18:20,344 - end calculating positions, whole_vehs at calculating time: 2, num_vehs: 1
2021-10-05 18:18:20,344 - send veh info: 447, 106.0, 525372.1252058807, 4194893.969579211, 35.897184738434724, 2, -122.71140183967442, 37.90121504239249
2021-10-05 18:18:20,344 - send veh info: 447, 525372.1252058807, 4194893.969579211, 35.897184738434724, 2
2021-10-05 18:18:20,351 - send veh info: id -2,x -2, y -2, calculate_time 2
2021-10-05 18:18:20,352 - request_time: 3, calculated_time 2, calculate_time 3, vehicle needs stop? False
2021-10-05 18:18:20,353 - request_time: 3, calculated_time 2, calculate_time 3, send driver image: 106/p0_-122.7114504_37.9012068.jpg
2021-10-05 18:18:20,386 - get direction: 
2021-10-05 18:18:20,386 - start calculating positions...unity_time:3, calculating_time:3
2021-10-05 18:18:20,388 - {'forward': (108, -1.9788644077252764), 'left': None, 'right': (36, 89.91643736034622), 'back': (107, -179.90870138657237)}
2021-10-05 18:18:20,388 - driver's system decision: 108
2021-10-05 18:18:20,388 - time: 3, current link is 106, next link is 108
2021-10-05 18:18:20,393 - t:3, current link 106' s queue_vehicles: [], next link 108' s queue_vehicles: []
2021-10-05 18:18:20,393 - t:3, current link 106' s run_vehicles: [447], next link 108' s run_vehicles: []
2021-10-05 18:18:20,513 - end calculating positions, whole_vehs at calculating time: 3, num_vehs: 1
2021-10-05 18:18:20,514 - send veh info: 447, 106.0, 525377.9430941413, 4194898.180592319, 35.897184751792445, 3, -122.71133551596374, 37.90125283371904
2021-10-05 18:18:20,514 - send veh info: 447, 525377.9430941413, 4194898.180592319, 35.897184751792445, 3
2021-10-05 18:18:20,514 - request_time: 3, calculated_time 3, calculate_time 4, send driver image: 106/p1_-122.71139499083974_37.90123837162228.jpg
2021-10-05 18:18:20,516 - request_time: 4, calculated_time 3, calculate_time 4, vehicle needs stop? False
2021-10-05 18:18:20,517 - request_time: 4, calculated_time 3, calculate_time 4, send driver image: 106/p1_-122.71139499083974_37.90123837162228.jpg
2021-10-05 18:18:20,536 - get direction: 
2021-10-05 18:18:20,536 - start calculating positions...unity_time:4, calculating_time:4
2021-10-05 18:18:20,539 - {'forward': (108, -1.9788644077252764), 'left': None, 'right': (36, 89.91643736034622), 'back': (107, -179.90870138657237)}
2021-10-05 18:18:20,539 - driver's system decision: 108
2021-10-05 18:18:20,539 - time: 4, current link is 106, next link is 108
2021-10-05 18:18:20,541 - t:4, current link 106' s queue_vehicles: [], next link 108' s queue_vehicles: []
2021-10-05 18:18:20,542 - t:4, current link 106' s run_vehicles: [447], next link 108' s run_vehicles: []
2021-10-05 18:18:20,660 - end calculating positions, whole_vehs at calculating time: 4, num_vehs: 1
2021-10-05 18:18:20,660 - send veh info: 447, 106.0, 525387.0012642054, 4194904.736935641, 35.897184738434724, 4, -122.71123225302573, 37.90131167290751
2021-10-05 18:18:20,660 - send veh info: 447, 525387.0012642054, 4194904.736935641, 35.897184738434724, 4
2021-10-05 18:18:20,661 - request_time: 4, calculated_time 4, calculate_time 5, send driver image: 106/p3_-122.71128417251919_37.90130151486684.jpg
2021-10-05 18:18:20,684 - send veh info: id -2,x -2, y -2, calculate_time 4
2021-10-05 18:18:20,688 - request_time: 5, calculated_time 4, calculate_time 5, vehicle needs stop? False
2021-10-05 18:18:20,689 - request_time: 5, calculated_time 4, calculate_time 5, send driver image: 106/p3_-122.71128417251919_37.90130151486684.jpg
2021-10-05 18:18:20,702 - get direction: 
2021-10-05 18:18:20,702 - start calculating positions...unity_time:5, calculating_time:5
2021-10-05 18:18:20,704 - {'forward': (108, -1.9788644077252764), 'left': None, 'right': (36, 89.91643736034622), 'back': (107, -179.90870138657237)}
2021-10-05 18:18:20,704 - driver's system decision: 108
2021-10-05 18:18:20,704 - time: 5, current link is 106, next link is 108
2021-10-05 18:18:20,706 - t:5, current link 106' s queue_vehicles: [], next link 108' s queue_vehicles: []
2021-10-05 18:18:20,706 - t:5, current link 106' s run_vehicles: [447], next link 108' s run_vehicles: []
2021-10-05 18:18:20,820 - end calculating positions, whole_vehs at calculating time: 5, num_vehs: 1
2021-10-05 18:18:20,820 - send veh info: 447, 106.0, 525396.0594342698, 4194911.293278963, 35.897184738434724, 5, -122.71112898992358, 37.901370512004156
2021-10-05 18:18:20,821 - send veh info: 447, 525396.0594342698, 4194911.293278963, 35.897184738434724, 5
2021-10-05 18:18:20,822 - request_time: 6, calculated_time 5, calculate_time 6, send driver image: 106/p5_-122.71117335419864_37.9013646581114.jpg
2021-10-05 18:18:20,823 - request_time: 6, calculated_time 5, calculate_time 6, vehicle needs stop? False
2021-10-05 18:18:20,824 - request_time: 6, calculated_time 5, calculate_time 6, send driver image: 106/p5_-122.71117335419864_37.9013646581114.jpg
2021-10-05 18:18:20,844 - get direction: 
2021-10-05 18:18:20,844 - start calculating positions...unity_time:6, calculating_time:6
2021-10-05 18:18:20,846 - {'forward': (108, -1.9788644077252764), 'left': None, 'right': (36, 89.91643736034622), 'back': (107, -179.90870138657237)}
2021-10-05 18:18:20,846 - driver's system decision: 108
2021-10-05 18:18:20,846 - time: 6, current link is 106, next link is 108
2021-10-05 18:18:20,849 - t:6, current link 106' s queue_vehicles: [], next link 108' s queue_vehicles: []
2021-10-05 18:18:20,849 - t:6, current link 106' s run_vehicles: [447], next link 108' s run_vehicles: []
2021-10-05 18:18:20,966 - end calculating positions, whole_vehs at calculating time: 6, num_vehs: 1
2021-10-05 18:18:20,966 - send veh info: 447, 106.0, 525405.1176043379, 4194917.849622289, 35.897184886073795, 6, -122.71102572665724, 37.90142935100896
2021-10-05 18:18:20,967 - send veh info: 447, 525405.1176043379, 4194917.849622289, 35.897184886073795, 6
2021-10-05 18:18:20,967 - send veh info: id -2,x -2, y -2, calculate_time 6
2021-10-05 18:18:20,967 - request_time: 7, calculated_time 6, calculate_time 7, vehicle needs stop? False
2021-10-05 18:18:20,968 - request_time: 7, calculated_time 6, calculate_time 7, send driver image: 106/p7_-122.71106253587809_37.90142780135595.jpg
2021-10-05 18:18:20,989 - get direction: 
2021-10-05 18:18:20,989 - start calculating positions...unity_time:7, calculating_time:7
2021-10-05 18:18:20,991 - {'forward': (108, -1.9788644077252764), 'left': None, 'right': (36, 89.91643736034622), 'back': (107, -179.90870138657237)}
2021-10-05 18:18:20,991 - driver's system decision: 108
2021-10-05 18:18:20,991 - time: 7, current link is 106, next link is 108
2021-10-05 18:18:20,994 - t:7, current link 106' s queue_vehicles: [], next link 108' s queue_vehicles: []
2021-10-05 18:18:20,994 - t:7, current link 106' s run_vehicles: [447], next link 108' s run_vehicles: []
2021-10-05 18:18:21,111 - end calculating positions, whole_vehs at calculating time: 7, num_vehs: 1
2021-10-05 18:18:21,111 - send veh info: id -2,x -2, y -2, calculate_time 7
2021-10-05 18:18:21,112 - send veh info: 447, 106.0, 525414.1757743985, 4194924.405965609, 35.897184738434724, 7, -122.71092246322684, 37.901488189921864
2021-10-05 18:18:21,112 - request_time: 8, calculated_time 7, calculate_time 8, vehicle needs stop? False
2021-10-05 18:18:21,112 - send veh info: 447, 525414.1757743985, 4194924.405965609, 35.897184738434724, 7
2021-10-05 18:18:21,114 - request_time: 8, calculated_time 7, calculate_time 8, send driver image: 106/p9_-122.71095171755753_37.90149094460051.jpg
2021-10-05 18:18:21,115 - request_time: 8, calculated_time 7, calculate_time 8, vehicle needs stop? False
2021-10-05 18:18:21,116 - request_time: 8, calculated_time 7, calculate_time 8, send driver image: 106/p9_-122.71095171755753_37.90149094460051.jpg
2021-10-05 18:18:21,136 - get direction: 
2021-10-05 18:18:21,136 - start calculating positions...unity_time:8, calculating_time:8
2021-10-05 18:18:21,138 - {'forward': (108, -1.9788644077252764), 'left': None, 'right': (36, 89.91643736034622), 'back': (107, -179.90870138657237)}
2021-10-05 18:18:21,138 - driver's system decision: 108
2021-10-05 18:18:21,138 - time: 8, current link is 106, next link is 108
2021-10-05 18:18:21,141 - t:8, current link 106' s queue_vehicles: [], next link 108' s queue_vehicles: []
2021-10-05 18:18:21,141 - t:8, current link 106' s run_vehicles: [447], next link 108' s run_vehicles: []
2021-10-05 18:18:21,171 - send veh info: id -2,x -2, y -2, calculate_time 8
2021-10-05 18:18:21,251 - end calculating positions, whole_vehs at calculating time: 8, num_vehs: 1
2021-10-05 18:18:21,252 - send veh info: 447, 106.0, 525423.2339444628, 4194930.962308931, 35.897184738434724, 8, -122.71081919963225, 37.901547028742954
2021-10-05 18:18:21,252 - send veh info: 447, 525423.2339444628, 4194930.962308931, 35.897184738434724, 8
2021-10-05 18:18:21,252 - request_time: 8, calculated_time 8, calculate_time 9, send driver image: 106/p11_-122.71084089923698_37.90155408784507.jpg
2021-10-05 18:18:21,254 - request_time: 9, calculated_time 8, calculate_time 9, vehicle needs stop? False
2021-10-05 18:18:21,254 - request_time: 9, calculated_time 8, calculate_time 9, send driver image: 106/p11_-122.71084089923698_37.90155408784507.jpg
2021-10-05 18:18:21,267 - get direction: 
2021-10-05 18:18:21,267 - start calculating positions...unity_time:9, calculating_time:9
2021-10-05 18:18:21,269 - {'forward': (108, -1.9788644077252764), 'left': None, 'right': (36, 89.91643736034622), 'back': (107, -179.90870138657237)}
2021-10-05 18:18:21,269 - driver's system decision: 108
2021-10-05 18:18:21,269 - time: 9, current link is 106, next link is 108
2021-10-05 18:18:21,271 - t:9, current link 106' s queue_vehicles: [], next link 108' s queue_vehicles: []
2021-10-05 18:18:21,271 - t:9, current link 106' s run_vehicles: [447], next link 108' s run_vehicles: []
2021-10-05 18:18:21,383 - send veh info: id -2,x -2, y -2, calculate_time 9
2021-10-05 18:18:21,386 - end calculating positions, whole_vehs at calculating time: 9, num_vehs: 1
2021-10-05 18:18:21,387 - request_time: 9, calculated_time 9, calculate_time 10, vehicle needs stop? False
2021-10-05 18:18:21,387 - send veh info: 447, 106.0, 525432.2921145275, 4194937.518652255, 35.897184751792445, 9, -122.71071593587351, 37.90160586747218
2021-10-05 18:18:21,388 - send veh info: 447, 525432.2921145275, 4194937.518652255, 35.897184751792445, 9
2021-10-05 18:18:21,389 - request_time: 9, calculated_time 9, calculate_time 10, send driver image: 106/p13_-122.71073008091643_37.90161723108963.jpg
2021-10-05 18:18:21,390 - request_time: 10, calculated_time 9, calculate_time 10, vehicle needs stop? False
2021-10-05 18:18:21,392 - request_time: 10, calculated_time 9, calculate_time 10, send driver image: 106/p13_-122.71073008091643_37.90161723108963.jpg
2021-10-05 18:18:21,407 - get direction: 
2021-10-05 18:18:21,407 - start calculating positions...unity_time:10, calculating_time:10
2021-10-05 18:18:21,410 - {'forward': (108, -1.9788644077252764), 'left': None, 'right': (36, 89.91643736034622), 'back': (107, -179.90870138657237)}
2021-10-05 18:18:21,410 - driver's system decision: 108
2021-10-05 18:18:21,410 - time: 10, current link is 106, next link is 108
2021-10-05 18:18:21,412 - t:10, current link 106' s queue_vehicles: [], next link 108' s queue_vehicles: []
2021-10-05 18:18:21,412 - t:10, current link 106' s run_vehicles: [447], next link 108' s run_vehicles: []
2021-10-05 18:18:21,520 - send veh info: id -2,x -2, y -2, calculate_time 10
2021-10-05 18:18:21,526 - end calculating positions, whole_vehs at calculating time: 10, num_vehs: 1
2021-10-05 18:18:21,526 - send veh info: 447, 106.0, 525441.3502845919, 4194944.074995577, 35.897184751792445, 10, -122.71061267195063, 37.901664706109564
2021-10-05 18:18:21,527 - request_time: 10, calculated_time 10, calculate_time 11, send driver image: 106/p14_-122.71067467175617_37.90164880271191.jpg
2021-10-05 18:18:21,527 - send veh info: 447, 525441.3502845919, 4194944.074995577, 35.897184751792445, 10
2021-10-05 18:18:21,528 - request_time: 11, calculated_time 10, calculate_time 11, vehicle needs stop? False
2021-10-05 18:18:21,529 - request_time: 11, calculated_time 10, calculate_time 11, send driver image: 106/p14_-122.71067467175617_37.90164880271191.jpg
2021-10-05 18:18:21,549 - get direction: 
2021-10-05 18:18:21,549 - start calculating positions...unity_time:11, calculating_time:11
2021-10-05 18:18:21,551 - {'forward': (108, -1.9788644077252764), 'left': None, 'right': (36, 89.91643736034622), 'back': (107, -179.90870138657237)}
2021-10-05 18:18:21,551 - driver's system decision: 108
2021-10-05 18:18:21,551 - time: 11, current link is 106, next link is 108
2021-10-05 18:18:21,554 - t:11, current link 106' s queue_vehicles: [], next link 108' s queue_vehicles: []
2021-10-05 18:18:21,554 - t:11, current link 106' s run_vehicles: [447], next link 108' s run_vehicles: []
2021-10-05 18:18:21,667 - send veh info: id -2,x -2, y -2, calculate_time 11
2021-10-05 18:18:21,672 - end calculating positions, whole_vehs at calculating time: 11, num_vehs: 1
2021-10-05 18:18:21,673 - send veh info: 447, 106.0, 525450.4084546563, 4194950.631338902, 35.897184751792445, 11, -122.7105094078636, 37.901723544655106
2021-10-05 18:18:21,673 - send veh info: 447, 525450.4084546563, 4194950.631338902, 35.897184751792445, 11
2021-10-05 18:18:21,674 - request_time: 11, calculated_time 11, calculate_time 12, send driver image: 106/p16_-122.71056385343562_37.90171194595647.jpg
2021-10-05 18:18:21,675 - request_time: 12, calculated_time 11, calculate_time 12, vehicle needs stop? False
2021-10-05 18:18:21,676 - request_time: 12, calculated_time 11, calculate_time 12, send driver image: 106/p16_-122.71056385343562_37.90171194595647.jpg
2021-10-05 18:18:21,692 - get direction: 
2021-10-05 18:18:21,692 - start calculating positions...unity_time:12, calculating_time:12
2021-10-05 18:18:21,694 - {'forward': (108, -1.9788644077252764), 'left': None, 'right': (36, 89.91643736034622), 'back': (107, -179.90870138657237)}
2021-10-05 18:18:21,694 - driver's system decision: 108
2021-10-05 18:18:21,694 - time: 12, current link is 106, next link is 108
2021-10-05 18:18:21,697 - t:12, current link 106' s queue_vehicles: [], next link 108' s queue_vehicles: []
2021-10-05 18:18:21,697 - t:12, current link 106' s run_vehicles: [447], next link 108' s run_vehicles: []
2021-10-05 18:18:21,806 - send veh info: id -2,x -2, y -2, calculate_time 12
2021-10-05 18:18:21,810 - end calculating positions, whole_vehs at calculating time: 12, num_vehs: 1
2021-10-05 18:18:21,811 - send veh info: 447, 106.0, 525459.4666247203, 4194957.1876822235, 35.897184738434724, 12, -122.71040614361243, 37.90178238310877
2021-10-05 18:18:21,811 - request_time: 12, calculated_time 12, calculate_time 13, send driver image: 106/p18_-122.71045303511507_37.901775089201024.jpg
2021-10-05 18:18:21,811 - send veh info: 447, 525459.4666247203, 4194957.1876822235, 35.897184738434724, 12
2021-10-05 18:18:21,813 - request_time: 13, calculated_time 12, calculate_time 13, vehicle needs stop? False
2021-10-05 18:18:21,814 - request_time: 13, calculated_time 12, calculate_time 13, send driver image: 106/p18_-122.71045303511507_37.901775089201024.jpg
2021-10-05 18:18:21,832 - get direction: 
2021-10-05 18:18:21,832 - start calculating positions...unity_time:13, calculating_time:13
2021-10-05 18:18:21,834 - {'forward': (108, -1.9788644077252764), 'left': None, 'right': (36, 89.91643736034622), 'back': (107, -179.90870138657237)}
2021-10-05 18:18:21,834 - driver's system decision: 108
2021-10-05 18:18:21,834 - time: 13, current link is 106, next link is 108
2021-10-05 18:18:21,838 - t:13, current link 106' s queue_vehicles: [], next link 108' s queue_vehicles: []
2021-10-05 18:18:21,838 - t:13, current link 106' s run_vehicles: [447], next link 108' s run_vehicles: []
2021-10-05 18:18:21,854 - send veh info: id -2,x -2, y -2, calculate_time 13
2021-10-05 18:18:21,953 - end calculating positions, whole_vehs at calculating time: 13, num_vehs: 1
2021-10-05 18:18:21,953 - send veh info: 447, 106.0, 525468.5247947846, 4194963.744025546, 35.897184738434724, 13, -122.71030287919712, 37.90184122147059
2021-10-05 18:18:21,953 - request_time: 13, calculated_time 13, calculate_time 14, send driver image: 106/p20_-122.71034221679452_37.901838232445584.jpg
2021-10-05 18:18:21,954 - send veh info: 447, 525468.5247947846, 4194963.744025546, 35.897184738434724, 13
2021-10-05 18:18:21,955 - request_time: 14, calculated_time 13, calculate_time 14, vehicle needs stop? False
2021-10-05 18:18:21,956 - request_time: 14, calculated_time 13, calculate_time 14, send driver image: 106/p20_-122.71034221679452_37.901838232445584.jpg
2021-10-05 18:18:21,978 - get direction: 
2021-10-05 18:18:21,978 - start calculating positions...unity_time:14, calculating_time:14
2021-10-05 18:18:21,981 - {'forward': (108, -1.9788644077252764), 'left': None, 'right': (36, 89.91643736034622), 'back': (107, -179.90870138657237)}
2021-10-05 18:18:21,981 - driver's system decision: 108
2021-10-05 18:18:21,981 - time: 14, current link is 106, next link is 108
2021-10-05 18:18:21,985 - t:14, current link 106' s queue_vehicles: [], next link 108' s queue_vehicles: []
2021-10-05 18:18:21,985 - t:14, current link 106' s run_vehicles: [447, 62], next link 108' s run_vehicles: []
2021-10-05 18:18:22,091 - send veh info: id -2,x -2, y -2, calculate_time 14
2021-10-05 18:18:22,095 - end calculating positions, whole_vehs at calculating time: 14, num_vehs: 2
2021-10-05 18:18:22,096 - send veh info: 447, 106.0, 525477.582964849, 4194970.300368869, 35.897184738434724, 14, -122.71019961461766, 37.901900059740555
2021-10-05 18:18:22,096 - send veh info: 447, 525477.582964849, 4194970.300368869, 35.897184738434724, 14
2021-10-05 18:18:22,097 - request_time: 15, calculated_time 14, calculate_time 15, vehicle needs stop? False
2021-10-05 18:18:22,097 - send veh info: 62, 106.0, 525372.1252058807, 4194893.969579211, 35.897184738434724, 14, -122.71140183967442, 37.90121504239249
2021-10-05 18:18:22,097 - request_time: 15, calculated_time 14, calculate_time 15, send driver image: 106/p22_-122.71023139847397_37.901901375690144.jpg
2021-10-05 18:18:22,115 - get direction: 
2021-10-05 18:18:22,115 - start calculating positions...unity_time:15, calculating_time:15
2021-10-05 18:18:22,117 - {'forward': (108, -1.9788644077252764), 'left': None, 'right': (36, 89.91643736034622), 'back': (107, -179.90870138657237)}
2021-10-05 18:18:22,117 - driver's system decision: 108
2021-10-05 18:18:22,117 - time: 15, current link is 106, next link is 108
2021-10-05 18:18:22,120 - t:15, current link 106' s queue_vehicles: [], next link 108' s queue_vehicles: []
2021-10-05 18:18:22,120 - t:15, current link 106' s run_vehicles: [447, 62], next link 108' s run_vehicles: [85]
2021-10-05 18:18:22,229 - send veh info: id -2,x -2, y -2, calculate_time 15
2021-10-05 18:18:22,234 - end calculating positions, whole_vehs at calculating time: 15, num_vehs: 3
2021-10-05 18:18:22,234 - request_time: 15, calculated_time 15, calculate_time 16, send driver image: 106/p23_-122.7101759893137_37.901932947312424.jpg
2021-10-05 18:18:22,235 - send veh info: 85, 108.0, 525490.6776344529, 4194979.950056736, 37.87504592317614, 15, -122.71005032693941, 37.90198666494059
2021-10-05 18:18:22,236 - send veh info: 447, 106.0, 525484.2316308457, 4194975.112702553, 35.897184738434724, 15, -122.71012381866335, 37.901943246771985
2021-10-05 18:18:22,236 - send veh info: 447, 525484.2316308457, 4194975.112702553, 35.897184738434724, 15
2021-10-05 18:18:22,236 - send veh info: 62, 106.0, 525377.9430941413, 4194898.180592319, 35.897184751792445, 15, -122.71133551596374, 37.90125283371904
2021-10-05 18:18:22,260 - send veh info: id -2,x -2, y -2, calculate_time 15
2021-10-05 18:18:22,267 - request_time: 16, calculated_time 15, calculate_time 16, vehicle needs stop? False
2021-10-05 18:18:22,268 - request_time: 16, calculated_time 15, calculate_time 16, send driver image: 106/p23_-122.7101759893137_37.901932947312424.jpg
2021-10-05 18:18:22,282 - get direction: 
2021-10-05 18:18:22,282 - start calculating positions...unity_time:16, calculating_time:16
2021-10-05 18:18:22,285 - {'forward': (108, -1.9788644077252764), 'left': None, 'right': (36, 89.91643736034622), 'back': (107, -179.90870138657237)}
2021-10-05 18:18:22,285 - driver's system decision: 108
2021-10-05 18:18:22,285 - time: 16, current link is 106, next link is 108
2021-10-05 18:18:22,288 - t:16, current link 106' s queue_vehicles: [447], next link 108' s queue_vehicles: []
2021-10-05 18:18:22,288 - t:16, current link 106' s run_vehicles: [62], next link 108' s run_vehicles: [85]
2021-10-05 18:18:22,395 - queue_vehicles: [447], in the first of queue, need stop!
2021-10-05 18:18:22,399 - end calculating positions, whole_vehs at calculating time: 16, num_vehs: 4
2021-10-05 18:18:22,399 - request_time: 16, calculated_time 16, calculate_time 17, send driver image: 106/p23_-122.7101759893137_37.901932947312424.jpg
2021-10-05 18:18:22,400 - send veh info: 447, 106.0, 525484.2316308457, 4194975.112702553, 35.897184738434724, 16, -122.71012381866335, 37.901943246771985
2021-10-05 18:18:22,400 - send veh info: 447, 525484.2316308457, 4194975.112702553, 35.897184738434724, 16
2021-10-05 18:18:22,400 - send veh info: 85, 108.0, 525496.3463370975, 4194984.359057579, 37.87504592317614, 16, -122.70998569177236, 37.9020262441266
2021-10-05 18:18:22,401 - send veh info: 1189, 37.0, 525532.2470029534, 4194918.877042609, 128.57100941527383, 16, -122.70957965513985, 37.90143505213299
2021-10-05 18:18:22,401 - send veh info: 62, 106.0, 525387.0012642054, 4194904.736935641, 35.897184738434724, 16, -122.71123225302573, 37.90131167290751
2021-10-05 18:18:22,404 - request_time: 16, calculated_time 16, calculate_time 17, vehicle needs stop? True
2021-10-05 18:18:22,448 - request_time: 17, calculated_time 16, calculate_time 17, vehicle needs stop? True
2021-10-05 18:18:22,527 - request_time: 18, calculated_time 16, calculate_time 17, vehicle needs stop? True
